<?xml version="1.0" encoding="UTF-8"?>
<!-- Generated by org.testng.reporters.JUnitReportReporter -->
<testsuite hostname="BTC-Mac.local" name="script.Invalid_Email_TC2" tests="1" failures="0" timestamp="5 Apr 2019 06:27:23 GMT" time="23.592" errors="0">
  <testcase name="invalidEmail" time="23.592" classname="script.Invalid_Email_TC2"/>
</testsuite> <!-- script.Invalid_Email_TC2 -->
