<?xml version="1.0" encoding="UTF-8"?>
<!-- Generated by org.testng.reporters.JUnitReportReporter -->
<testsuite hostname="BTC-Mac.local" name="script.NewRequestCreationPage" tests="1" failures="0" timestamp="25 Jul 2019 12:59:04 GMT" time="80.607" errors="0">
  <testcase name="createRequestProcess" time="80.607" classname="script.NewRequestCreationPage"/>
</testsuite> <!-- script.NewRequestCreationPage -->
