<?xml version="1.0" encoding="UTF-8"?>
<!-- Generated by org.testng.reporters.JUnitReportReporter -->
<testsuite hostname="BTC-Mac.local" name="script.UpdateScript" tests="1" failures="0" timestamp="28 Jun 2019 15:42:13 GMT" time="12.231" errors="0">
  <testcase name="update" time="12.231" classname="script.UpdateScript"/>
</testsuite> <!-- script.UpdateScript -->
