<?xml version="1.0" encoding="UTF-8"?>
<!-- Generated by org.testng.reporters.JUnitReportReporter -->
<testsuite hostname="BTC-Mac.local" name="script.Valid_Email_TC1" tests="1" failures="0" timestamp="1 Jul 2019 10:37:49 GMT" time="11086.247" errors="0">
  <testcase name="validEmail" time="11086.247" classname="script.Valid_Email_TC1"/>
</testsuite> <!-- script.Valid_Email_TC1 -->
