<?xml version="1.0" encoding="UTF-8"?>
<!-- Generated by org.testng.reporters.JUnitReportReporter -->
<testsuite hostname="BTC-Mac.local" name="script.OneWayRequestCreation" tests="1" failures="0" timestamp="26 Jul 2019 10:34:40 GMT" time="58.612" errors="0">
  <testcase name="createRequestProcess" time="58.612" classname="script.OneWayRequestCreation"/>
</testsuite> <!-- script.OneWayRequestCreation -->
