<?xml version="1.0" encoding="UTF-8"?>
<!-- Generated by org.testng.reporters.JUnitReportReporter -->
<testsuite hostname="BTC-Mac.local" name="script.OneWayRequestCreation_Repeat" tests="1" failures="0" timestamp="25 Jul 2019 13:11:48 GMT" time="95.235" errors="0">
  <testcase name="createRequestProcess" time="95.235" classname="script.OneWayRequestCreation_Repeat"/>
</testsuite> <!-- script.OneWayRequestCreation_Repeat -->
