<?xml version="1.0" encoding="UTF-8"?>
<!-- Generated by org.testng.reporters.JUnitReportReporter -->
<testsuite hostname="BTC-Mac.local" name="script.OneWayRequestCreation_DCustom" tests="1" failures="0" timestamp="26 Jul 2019 11:24:09 GMT" time="68.454" errors="0">
  <testcase name="createRequestProcess" time="68.454" classname="script.OneWayRequestCreation_DCustom"/>
</testsuite> <!-- script.OneWayRequestCreation_DCustom -->
